Dec 06, 2025 1:38:16 PM uno_server.ServerLauncher main
INFO: Starting UNO server...
Dec 06, 2025 1:38:16 PM uno_server.ServerLauncher main
INFO: Press Ctrl+C to stop the server
Dec 06, 2025 1:38:16 PM uno_server.common.Server <init>
INFO: Server socket created on port 9090
Dec 06, 2025 1:38:16 PM uno_server.common.Server handle
INFO: Server started on port 9090
Dec 06, 2025 1:38:19 PM uno_server.common.Connection initialize
INFO: Connection initialized for /127.0.0.1:32798
Dec 06, 2025 1:38:19 PM uno_server.common.Server handle
INFO: Client #1 connected from /127.0.0.1:32798
Dec 06, 2025 1:38:19 PM uno_server.common.Server processClient
INFO: Message from client #1: {"id":1,"version":"V1","method":"PING","payload":{},"timestamp":1765028299236}
Dec 06, 2025 1:38:19 PM uno_server.protocol.MessageRouter routeMessage
INFO: Received message: PING from /127.0.0.1:32798
Dec 06, 2025 1:38:19 PM uno_server.common.Server processClient
INFO: Message from client #1: {"id":2,"version":"V1","method":"CREATE_ROOM","payload":{"roomName":"Test Room","maxPlayers":2,"allowStuck":false},"timestamp":1765028299313}
Dec 06, 2025 1:38:19 PM uno_server.protocol.MessageRouter routeMessage
INFO: Received message: CREATE_ROOM from /127.0.0.1:32798
Dec 06, 2025 1:38:19 PM uno_server.protocol.MessageRouter handleCreateRoom
INFO: Room created: 1 by user 1
Dec 06, 2025 1:38:21 PM uno_server.common.Connection initialize
INFO: Connection initialized for /127.0.0.1:56024
Dec 06, 2025 1:38:21 PM uno_server.common.Server handle
INFO: Client #2 connected from /127.0.0.1:56024
Dec 06, 2025 1:38:21 PM uno_server.common.Server processClient
INFO: Message from client #2: {"id":1,"version":"V1","method":"GET_ROOMS","payload":{},"timestamp":1765028301132}
Dec 06, 2025 1:38:21 PM uno_server.protocol.MessageRouter routeMessage
INFO: Received message: GET_ROOMS from /127.0.0.1:56024
Dec 06, 2025 1:38:21 PM uno_server.common.Server processClient
INFO: Message from client #2: {"id":2,"version":"V1","method":"JOIN_ROOM","payload":{"roomId":1},"timestamp":1765028301141}
Dec 06, 2025 1:38:21 PM uno_server.protocol.MessageRouter routeMessage
INFO: Received message: JOIN_ROOM from /127.0.0.1:56024
Dec 06, 2025 1:38:21 PM uno_server.protocol.MessageRouter handleJoinRoom
INFO: User 2 joined room 1
Dec 06, 2025 1:38:22 PM uno_server.common.Server processClient
INFO: Message from client #1: {"id":3,"version":"V1","method":"START_GAME","payload":{},"timestamp":1765028302376}
Dec 06, 2025 1:38:22 PM uno_server.protocol.MessageRouter routeMessage
INFO: Received message: START_GAME from /127.0.0.1:32798
Dec 06, 2025 1:38:22 PM uno_server.protocol.MessageRouter handleStartGame
INFO: Game started in room 1
Dec 06, 2025 1:38:23 PM uno_server.common.Server processClient
INFO: Message from client #1: {"id":4,"version":"V1","method":"PLAY_CARD","payload":{"cardIndex":0},"timestamp":1765028303399}
Dec 06, 2025 1:38:23 PM uno_server.protocol.MessageRouter routeMessage
INFO: Received message: PLAY_CARD from /127.0.0.1:32798
Dec 06, 2025 1:38:23 PM uno_server.protocol.MessageRouter handlePlayCard
INFO: User 1 played card in room 1
Dec 06, 2025 1:38:25 PM uno_server.common.Server processClient
INFO: Message from client #2: {"id":3,"version":"V1","method":"DRAW_CARD","payload":{},"timestamp":1765028305192}
Dec 06, 2025 1:38:25 PM uno_server.protocol.MessageRouter routeMessage
INFO: Received message: DRAW_CARD from /127.0.0.1:56024
Dec 06, 2025 1:38:25 PM uno_server.protocol.MessageRouter handleDrawCard
WARNING: Invalid draw
java.lang.IllegalStateException: Not your turn
	at uno_server.game.GameSession.drawCard(GameSession.java:258)
	at uno_server.game.GameSessionManager.drawCard(GameSessionManager.java:135)
	at uno_server.protocol.MessageRouter.handleDrawCard(MessageRouter.java:399)
	at uno_server.protocol.MessageRouter.routeMessage(MessageRouter.java:86)
	at uno_server.common.Server.processClient(Server.java:102)
	at uno_server.common.Server.lambda$handle$0(Server.java:71)
	at java.base/java.lang.Thread.run(Thread.java:1583)

Dec 06, 2025 1:38:25 PM uno_server.common.Connection readLine
INFO: Connection closed by /127.0.0.1:32798
Dec 06, 2025 1:38:25 PM uno_server.protocol.MessageRouter handleDisconnect
INFO: User 1 disconnected and cleaned up
Dec 06, 2025 1:38:25 PM uno_server.common.Connection close
INFO: Closing connection for /127.0.0.1:32798
Dec 06, 2025 1:38:25 PM uno_server.common.Server processClient
INFO: Client #1 disconnected
Dec 06, 2025 1:38:27 PM uno_server.common.Connection readLine
INFO: Connection closed by /127.0.0.1:56024
Dec 06, 2025 1:38:27 PM uno_server.protocol.MessageRouter handleDisconnect
INFO: User 2 disconnected and cleaned up
Dec 06, 2025 1:38:27 PM uno_server.common.Connection close
INFO: Closing connection for /127.0.0.1:56024
Dec 06, 2025 1:38:27 PM uno_server.common.Server processClient
INFO: Client #2 disconnected
